c:\users\administrator\patchmeasurements\qtwidgetsapplication1\x64\debug\moc_mainwindow.obj
c:\users\administrator\patchmeasurements\qtwidgetsapplication1\x64\debug\moc_qtwidgetsapplication1.obj
c:\users\administrator\patchmeasurements\qtwidgetsapplication1\x64\debug\qrc_qtwidgetsapplication1.obj
c:\users\administrator\patchmeasurements\qtwidgetsapplication1\x64\debug\vc142.pdb
c:\users\administrator\patchmeasurements\qtwidgetsapplication1\x64\debug\qtwidgetsapplication1.obj
c:\users\administrator\patchmeasurements\qtwidgetsapplication1\x64\debug\qtwidgetsapplication1.exe
c:\users\administrator\patchmeasurements\qtwidgetsapplication1\x64\debug\qtwidgetsapplication1.ilk
c:\users\administrator\patchmeasurements\qtwidgetsapplication1\x64\debug\qtwidgetsapplication1.pdb
c:\users\administrator\patchmeasurements\qtwidgetsapplication1\x64\debug\moc\moc_qtwidgetsapplication1.cpp
c:\users\administrator\patchmeasurements\qtwidgetsapplication1\x64\debug\moc\moc_mainwindow.cpp
c:\users\administrator\patchmeasurements\qtwidgetsapplication1\x64\debug\uic\ui_qtwidgetsapplication1.h
c:\users\administrator\patchmeasurements\qtwidgetsapplication1\x64\debug\rcc\qrc_qtwidgetsapplication1.cpp
c:\users\administrator\patchmeasurements\qtwidgetsapplication1\x64\debug\main.obj
c:\users\administrator\patchmeasurements\qtwidgetsapplication1\x64\debug\mainwindow.obj
c:\users\administrator\patchmeasurements\qtwidgetsapplication1\x64\debug\qtwidget.53d11e5c.tlog\cl.command.1.tlog
c:\users\administrator\patchmeasurements\qtwidgetsapplication1\x64\debug\qtwidget.53d11e5c.tlog\cl.read.1.tlog
c:\users\administrator\patchmeasurements\qtwidgetsapplication1\x64\debug\qtwidget.53d11e5c.tlog\cl.write.1.tlog
c:\users\administrator\patchmeasurements\qtwidgetsapplication1\x64\debug\qtwidget.53d11e5c.tlog\link.command.1.tlog
c:\users\administrator\patchmeasurements\qtwidgetsapplication1\x64\debug\qtwidget.53d11e5c.tlog\link.read.1.tlog
c:\users\administrator\patchmeasurements\qtwidgetsapplication1\x64\debug\qtwidget.53d11e5c.tlog\link.write.1.tlog
c:\users\administrator\patchmeasurements\qtwidgetsapplication1\x64\debug\qtwidget.53d11e5c.tlog\moc.read.1u.tlog
c:\users\administrator\patchmeasurements\qtwidgetsapplication1\x64\debug\qtwidget.53d11e5c.tlog\moc.write.1u.tlog
c:\users\administrator\patchmeasurements\qtwidgetsapplication1\x64\debug\qtwidget.53d11e5c.tlog\qtwidgetsapplication1.write.1u.tlog
c:\users\administrator\patchmeasurements\qtwidgetsapplication1\x64\debug\qtwidget.53d11e5c.tlog\rcc.read.1u.tlog
c:\users\administrator\patchmeasurements\qtwidgetsapplication1\x64\debug\qtwidget.53d11e5c.tlog\rcc.write.1u.tlog
c:\users\administrator\patchmeasurements\qtwidgetsapplication1\x64\debug\qtwidget.53d11e5c.tlog\uic.read.1u.tlog
c:\users\administrator\patchmeasurements\qtwidgetsapplication1\x64\debug\qtwidget.53d11e5c.tlog\uic.write.1u.tlog
