c:\users\administrator\patchmeasurements\protocol2app\x64\release\moc_exitpage.obj
c:\users\administrator\patchmeasurements\protocol2app\x64\release\moc_check4cheating.obj
c:\users\administrator\patchmeasurements\protocol2app\x64\release\moc_wtapage.obj
c:\users\administrator\patchmeasurements\protocol2app\x64\release\moc_surveypage.obj
c:\users\administrator\patchmeasurements\protocol2app\x64\release\moc_doublecheck.obj
c:\users\administrator\patchmeasurements\protocol2app\x64\release\moc_protocol2app.obj
c:\users\administrator\patchmeasurements\protocol2app\x64\release\moc_startpage.obj
c:\users\administrator\patchmeasurements\protocol2app\x64\release\qrc_protocol2app.obj
c:\users\administrator\patchmeasurements\protocol2app\x64\release\moc_registryeditpage.obj
c:\users\administrator\patchmeasurements\protocol2app\x64\release\moc_formpage.obj
c:\users\administrator\patchmeasurements\protocol2app\x64\release\sha256.obj
c:\users\administrator\patchmeasurements\protocol2app\x64\release\powermgmt.obj
c:\users\administrator\patchmeasurements\protocol2app\x64\release\formpage.obj
c:\users\administrator\patchmeasurements\protocol2app\x64\release\startpage.obj
c:\users\administrator\patchmeasurements\protocol2app\x64\release\crypto.obj
c:\users\administrator\patchmeasurements\protocol2app\x64\release\main.obj
c:\users\administrator\patchmeasurements\protocol2app\x64\release\dropbox.obj
c:\users\administrator\patchmeasurements\protocol2app\x64\release\registryeditpage.obj
c:\users\administrator\patchmeasurements\protocol2app\x64\release\doublecheck.obj
c:\users\administrator\patchmeasurements\protocol2app\x64\release\protocol2app.obj
c:\users\administrator\patchmeasurements\protocol2app\x64\release\check4cheating.obj
c:\users\administrator\patchmeasurements\protocol2app\x64\release\surveypage.obj
c:\users\administrator\patchmeasurements\protocol2app\x64\release\aes.obj
c:\users\administrator\patchmeasurements\protocol2app\x64\release\registryutils.obj
c:\users\administrator\patchmeasurements\protocol2app\x64\release\wtapage.obj
c:\users\administrator\patchmeasurements\protocol2app\x64\release\exitpage.obj
c:\users\administrator\patchmeasurements\protocol2app\x64\release\sysutils.obj
c:\users\administrator\patchmeasurements\protocol2app\x64\release\hourspage.obj
c:\users\administrator\patchmeasurements\protocol2app\x64\release\patchpage.obj
c:\users\administrator\patchmeasurements\protocol2app\x64\release\usagepage.obj
c:\users\administrator\patchmeasurements\protocol2app\x64\release\choicepage.obj
c:\users\administrator\patchmeasurements\protocol2app\x64\release\moc_patchpage.obj
c:\users\administrator\patchmeasurements\protocol2app\x64\release\moc_usagepage.obj
c:\users\administrator\patchmeasurements\protocol2app\x64\release\moc_hourspage.obj
c:\users\administrator\patchmeasurements\protocol2app\x64\release\moc_choicepage.obj
c:\users\administrator\patchmeasurements\protocol2app\x64\release\protocol2app.exe
c:\users\administrator\patchmeasurements\protocol2app\x64\release\moc\moc_protocol2app.cpp
c:\users\administrator\patchmeasurements\protocol2app\x64\release\moc\moc_usagepage.cpp
c:\users\administrator\patchmeasurements\protocol2app\x64\release\moc\moc_wtapage.cpp
c:\users\administrator\patchmeasurements\protocol2app\x64\release\moc\moc_startpage.cpp
c:\users\administrator\patchmeasurements\protocol2app\x64\release\moc\moc_doublecheck.cpp
c:\users\administrator\patchmeasurements\protocol2app\x64\release\moc\moc_exitpage.cpp
c:\users\administrator\patchmeasurements\protocol2app\x64\release\moc\moc_formpage.cpp
c:\users\administrator\patchmeasurements\protocol2app\x64\release\moc\moc_check4cheating.cpp
c:\users\administrator\patchmeasurements\protocol2app\x64\release\moc\moc_choicepage.cpp
c:\users\administrator\patchmeasurements\protocol2app\x64\release\moc\moc_patchpage.cpp
c:\users\administrator\patchmeasurements\protocol2app\x64\release\moc\moc_hourspage.cpp
c:\users\administrator\patchmeasurements\protocol2app\x64\release\moc\moc_registryeditpage.cpp
c:\users\administrator\patchmeasurements\protocol2app\x64\release\moc\moc_surveypage.cpp
c:\users\administrator\patchmeasurements\protocol2app\x64\release\uic\ui_check4cheating.h
c:\users\administrator\patchmeasurements\protocol2app\x64\release\uic\ui_doublecheck.h
c:\users\administrator\patchmeasurements\protocol2app\x64\release\uic\ui_exitpage.h
c:\users\administrator\patchmeasurements\protocol2app\x64\release\uic\ui_formpage.h
c:\users\administrator\patchmeasurements\protocol2app\x64\release\uic\ui_protocol2app.h
c:\users\administrator\patchmeasurements\protocol2app\x64\release\uic\ui_registryeditpage.h
c:\users\administrator\patchmeasurements\protocol2app\x64\release\uic\ui_startpage.h
c:\users\administrator\patchmeasurements\protocol2app\x64\release\uic\ui_surveypage.h
c:\users\administrator\patchmeasurements\protocol2app\x64\release\uic\ui_wtapage.h
c:\users\administrator\patchmeasurements\protocol2app\x64\release\rcc\qrc_protocol2app.cpp
c:\users\administrator\patchmeasurements\protocol2app\x64\release\uic\ui_choicepage.h
c:\users\administrator\patchmeasurements\protocol2app\x64\release\protocol2app.tlog\cl.command.1.tlog
c:\users\administrator\patchmeasurements\protocol2app\x64\release\protocol2app.tlog\cl.read.1.tlog
c:\users\administrator\patchmeasurements\protocol2app\x64\release\protocol2app.tlog\cl.write.1.tlog
c:\users\administrator\patchmeasurements\protocol2app\x64\release\protocol2app.tlog\link.command.1.tlog
c:\users\administrator\patchmeasurements\protocol2app\x64\release\protocol2app.tlog\link.read.1.tlog
c:\users\administrator\patchmeasurements\protocol2app\x64\release\protocol2app.tlog\link.write.1.tlog
c:\users\administrator\patchmeasurements\protocol2app\x64\release\protocol2app.tlog\moc.read.1u.tlog
c:\users\administrator\patchmeasurements\protocol2app\x64\release\protocol2app.tlog\moc.write.1u.tlog
c:\users\administrator\patchmeasurements\protocol2app\x64\release\protocol2app.tlog\protocol2app.write.1u.tlog
c:\users\administrator\patchmeasurements\protocol2app\x64\release\protocol2app.tlog\rcc.read.1u.tlog
c:\users\administrator\patchmeasurements\protocol2app\x64\release\protocol2app.tlog\rcc.write.1u.tlog
c:\users\administrator\patchmeasurements\protocol2app\x64\release\protocol2app.tlog\uic.read.1u.tlog
c:\users\administrator\patchmeasurements\protocol2app\x64\release\protocol2app.tlog\uic.write.1u.tlog
