c:\users\administrator\patchmeasurements\protocol1app\x64\release\formpage.obj
c:\users\administrator\patchmeasurements\protocol1app\x64\release\goodbyepage.obj
c:\users\administrator\patchmeasurements\protocol1app\x64\release\powermgmt.obj
c:\users\administrator\patchmeasurements\protocol1app\x64\release\rankpage.obj
c:\users\administrator\patchmeasurements\protocol1app\x64\release\mainwindow.obj
c:\users\administrator\patchmeasurements\protocol1app\x64\release\registryeditpage.obj
c:\users\administrator\patchmeasurements\protocol1app\x64\release\startpage.obj
c:\users\administrator\patchmeasurements\protocol1app\x64\release\comparepage.obj
c:\users\administrator\patchmeasurements\protocol1app\x64\release\main.obj
c:\users\administrator\patchmeasurements\protocol1app\x64\release\patchpage.obj
c:\users\administrator\patchmeasurements\protocol1app\x64\release\dropbox.obj
c:\users\administrator\patchmeasurements\protocol1app\x64\release\buttonarray.obj
c:\users\administrator\patchmeasurements\protocol1app\x64\release\wtapage.obj
c:\users\administrator\patchmeasurements\protocol1app\x64\release\singlechoicepage.obj
c:\users\administrator\patchmeasurements\protocol1app\x64\release\taskpage.obj
c:\users\administrator\patchmeasurements\protocol1app\x64\release\moc_comparepage.obj
c:\users\administrator\patchmeasurements\protocol1app\x64\release\moc_goodbyepage.obj
c:\users\administrator\patchmeasurements\protocol1app\x64\release\moc_patchpage.obj
c:\users\administrator\patchmeasurements\protocol1app\x64\release\moc_buttonarray.obj
c:\users\administrator\patchmeasurements\protocol1app\x64\release\moc_rankpage.obj
c:\users\administrator\patchmeasurements\protocol1app\x64\release\moc_taskpage.obj
c:\users\administrator\patchmeasurements\protocol1app\x64\release\moc_singlechoicepage.obj
c:\users\administrator\patchmeasurements\protocol1app\x64\release\moc_mainwindow.obj
c:\users\administrator\patchmeasurements\protocol1app\x64\release\qrc_mainwindow.obj
c:\users\administrator\patchmeasurements\protocol1app\x64\release\moc_startpage.obj
c:\users\administrator\patchmeasurements\protocol1app\x64\release\moc_wtapage.obj
c:\users\administrator\patchmeasurements\protocol1app\x64\release\moc_registryeditpage.obj
c:\users\administrator\patchmeasurements\protocol1app\x64\release\moc_formpage.obj
c:\users\administrator\patchmeasurements\protocol1app\x64\release\registryutils.obj
c:\users\administrator\patchmeasurements\protocol1app\x64\release\withdrawpage.obj
c:\users\administrator\patchmeasurements\protocol1app\x64\release\debriefpage.obj
c:\users\administrator\patchmeasurements\protocol1app\x64\release\moc_withdrawpage.obj
c:\users\administrator\patchmeasurements\protocol1app\x64\release\moc_debriefpage.obj
c:\users\administrator\patchmeasurements\protocol1app\x64\release\protocol1app.exe
c:\users\administrator\patchmeasurements\protocol1app\x64\release\moc\moc_mainwindow.cpp
c:\users\administrator\patchmeasurements\protocol1app\x64\release\moc\moc_withdrawpage.cpp
c:\users\administrator\patchmeasurements\protocol1app\x64\release\moc\moc_wtapage.cpp
c:\users\administrator\patchmeasurements\protocol1app\x64\release\moc\moc_comparepage.cpp
c:\users\administrator\patchmeasurements\protocol1app\x64\release\moc\moc_buttonarray.cpp
c:\users\administrator\patchmeasurements\protocol1app\x64\release\moc\moc_debriefpage.cpp
c:\users\administrator\patchmeasurements\protocol1app\x64\release\moc\moc_goodbyepage.cpp
c:\users\administrator\patchmeasurements\protocol1app\x64\release\moc\moc_formpage.cpp
c:\users\administrator\patchmeasurements\protocol1app\x64\release\moc\moc_taskpage.cpp
c:\users\administrator\patchmeasurements\protocol1app\x64\release\moc\moc_startpage.cpp
c:\users\administrator\patchmeasurements\protocol1app\x64\release\moc\moc_patchpage.cpp
c:\users\administrator\patchmeasurements\protocol1app\x64\release\moc\moc_rankpage.cpp
c:\users\administrator\patchmeasurements\protocol1app\x64\release\moc\moc_singlechoicepage.cpp
c:\users\administrator\patchmeasurements\protocol1app\x64\release\moc\moc_registryeditpage.cpp
c:\users\administrator\patchmeasurements\protocol1app\x64\release\uic\ui_buttonarray.h
c:\users\administrator\patchmeasurements\protocol1app\x64\release\uic\ui_comparepage.h
c:\users\administrator\patchmeasurements\protocol1app\x64\release\uic\ui_formpage.h
c:\users\administrator\patchmeasurements\protocol1app\x64\release\uic\ui_goodbyepage.h
c:\users\administrator\patchmeasurements\protocol1app\x64\release\uic\ui_mainwindow.h
c:\users\administrator\patchmeasurements\protocol1app\x64\release\uic\ui_patchpage.h
c:\users\administrator\patchmeasurements\protocol1app\x64\release\uic\ui_rankpage.h
c:\users\administrator\patchmeasurements\protocol1app\x64\release\uic\ui_registryeditpage.h
c:\users\administrator\patchmeasurements\protocol1app\x64\release\uic\ui_singlechoicepage.h
c:\users\administrator\patchmeasurements\protocol1app\x64\release\uic\ui_startpage.h
c:\users\administrator\patchmeasurements\protocol1app\x64\release\uic\ui_taskpage.h
c:\users\administrator\patchmeasurements\protocol1app\x64\release\uic\ui_wtapage.h
c:\users\administrator\patchmeasurements\protocol1app\x64\release\rcc\qrc_mainwindow.cpp
c:\users\administrator\patchmeasurements\protocol1app\x64\release\uic\ui_debriefpage.h
c:\users\administrator\patchmeasurements\protocol1app\x64\release\uic\ui_withdrawpage.h
c:\users\administrator\patchmeasurements\protocol1app\x64\release\protocol1app.res
c:\users\administrator\patchmeasurements\protocol1app\x64\release\\uic\ui_buttonarray.h
c:\users\administrator\patchmeasurements\protocol1app\x64\release\\uic\ui_comparepage.h
c:\users\administrator\patchmeasurements\protocol1app\x64\release\\uic\ui_debriefpage.h
c:\users\administrator\patchmeasurements\protocol1app\x64\release\\uic\ui_formpage.h
c:\users\administrator\patchmeasurements\protocol1app\x64\release\\uic\ui_goodbyepage.h
c:\users\administrator\patchmeasurements\protocol1app\x64\release\\uic\ui_mainwindow.h
c:\users\administrator\patchmeasurements\protocol1app\x64\release\\uic\ui_patchpage.h
c:\users\administrator\patchmeasurements\protocol1app\x64\release\\uic\ui_rankpage.h
c:\users\administrator\patchmeasurements\protocol1app\x64\release\\uic\ui_registryeditpage.h
c:\users\administrator\patchmeasurements\protocol1app\x64\release\\uic\ui_singlechoicepage.h
c:\users\administrator\patchmeasurements\protocol1app\x64\release\\uic\ui_startpage.h
c:\users\administrator\patchmeasurements\protocol1app\x64\release\\uic\ui_taskpage.h
c:\users\administrator\patchmeasurements\protocol1app\x64\release\\uic\ui_withdrawpage.h
c:\users\administrator\patchmeasurements\protocol1app\x64\release\\uic\ui_wtapage.h
c:\users\administrator\patchmeasurements\protocol1app\x64\release\protocol1app.tlog\cl.command.1.tlog
c:\users\administrator\patchmeasurements\protocol1app\x64\release\protocol1app.tlog\cl.read.1.tlog
c:\users\administrator\patchmeasurements\protocol1app\x64\release\protocol1app.tlog\cl.write.1.tlog
c:\users\administrator\patchmeasurements\protocol1app\x64\release\protocol1app.tlog\link.command.1.tlog
c:\users\administrator\patchmeasurements\protocol1app\x64\release\protocol1app.tlog\link.read.1.tlog
c:\users\administrator\patchmeasurements\protocol1app\x64\release\protocol1app.tlog\link.write.1.tlog
c:\users\administrator\patchmeasurements\protocol1app\x64\release\protocol1app.tlog\moc.read.1u.tlog
c:\users\administrator\patchmeasurements\protocol1app\x64\release\protocol1app.tlog\moc.write.1u.tlog
c:\users\administrator\patchmeasurements\protocol1app\x64\release\protocol1app.tlog\protocol1app.write.1u.tlog
c:\users\administrator\patchmeasurements\protocol1app\x64\release\protocol1app.tlog\rc.command.1.tlog
c:\users\administrator\patchmeasurements\protocol1app\x64\release\protocol1app.tlog\rc.read.1.tlog
c:\users\administrator\patchmeasurements\protocol1app\x64\release\protocol1app.tlog\rc.write.1.tlog
c:\users\administrator\patchmeasurements\protocol1app\x64\release\protocol1app.tlog\rcc.read.1u.tlog
c:\users\administrator\patchmeasurements\protocol1app\x64\release\protocol1app.tlog\rcc.write.1u.tlog
c:\users\administrator\patchmeasurements\protocol1app\x64\release\protocol1app.tlog\uic.read.1u.tlog
c:\users\administrator\patchmeasurements\protocol1app\x64\release\protocol1app.tlog\uic.write.1u.tlog
