c:\users\administrator\source\repos\qtwidgetsapplication2\x64\debug\moc_mainwindow.obj
c:\users\administrator\source\repos\qtwidgetsapplication2\x64\debug\qrc_mainwindow.obj
c:\users\administrator\source\repos\qtwidgetsapplication2\x64\debug\vc142.pdb
c:\users\administrator\source\repos\qtwidgetsapplication2\x64\debug\main.obj
c:\users\administrator\source\repos\qtwidgetsapplication2\x64\debug\dropbox.obj
c:\users\administrator\source\repos\qtwidgetsapplication2\x64\debug\mainwindow.obj
c:\users\administrator\source\repos\qtwidgetsapplication2\x64\debug\qtwidgetsapplication2.exe
c:\users\administrator\source\repos\qtwidgetsapplication2\x64\debug\qtwidgetsapplication2.ilk
c:\users\administrator\source\repos\qtwidgetsapplication2\x64\debug\qtwidgetsapplication2.pdb
c:\users\administrator\source\repos\qtwidgetsapplication2\x64\debug\moc\moc_mainwindow.cpp
c:\users\administrator\source\repos\qtwidgetsapplication2\x64\debug\uic\ui_mainwindow.h
c:\users\administrator\source\repos\qtwidgetsapplication2\x64\debug\rcc\qrc_mainwindow.cpp
c:\users\administrator\patchmeasurements\qtwidgetsapplication2\x64\debug\dropbox.obj
c:\users\administrator\patchmeasurements\qtwidgetsapplication2\x64\debug\main.obj
c:\users\administrator\patchmeasurements\qtwidgetsapplication2\x64\debug\mainwindow.obj
c:\users\administrator\patchmeasurements\qtwidgetsapplication2\x64\debug\moc_mainwindow.obj
c:\users\administrator\patchmeasurements\qtwidgetsapplication2\x64\debug\qrc_mainwindow.obj
c:\users\administrator\patchmeasurements\qtwidgetsapplication2\x64\debug\qtwidgetsapplication2.ilk
c:\users\administrator\patchmeasurements\qtwidgetsapplication2\x64\debug\qtwidgetsapplication2.pdb
c:\users\administrator\patchmeasurements\qtwidgetsapplication2\x64\debug\vc142.pdb
c:\users\administrator\patchmeasurements\qtwidgetsapplication2\x64\debug\qtwidgetsapplication2.exe
c:\users\administrator\patchmeasurements\qtwidgetsapplication2\x64\debug\qtwidget.18548e86.tlog\cl.command.1.tlog
c:\users\administrator\patchmeasurements\qtwidgetsapplication2\x64\debug\qtwidget.18548e86.tlog\cl.read.1.tlog
c:\users\administrator\patchmeasurements\qtwidgetsapplication2\x64\debug\qtwidget.18548e86.tlog\cl.write.1.tlog
c:\users\administrator\patchmeasurements\qtwidgetsapplication2\x64\debug\qtwidget.18548e86.tlog\link.command.1.tlog
c:\users\administrator\patchmeasurements\qtwidgetsapplication2\x64\debug\qtwidget.18548e86.tlog\link.read.1.tlog
c:\users\administrator\patchmeasurements\qtwidgetsapplication2\x64\debug\qtwidget.18548e86.tlog\link.write.1.tlog
c:\users\administrator\patchmeasurements\qtwidgetsapplication2\x64\debug\qtwidget.18548e86.tlog\moc.read.1u.tlog
c:\users\administrator\patchmeasurements\qtwidgetsapplication2\x64\debug\qtwidget.18548e86.tlog\moc.write.1u.tlog
c:\users\administrator\patchmeasurements\qtwidgetsapplication2\x64\debug\qtwidget.18548e86.tlog\qtwidgetsapplication2.write.1u.tlog
c:\users\administrator\patchmeasurements\qtwidgetsapplication2\x64\debug\qtwidget.18548e86.tlog\rcc.read.1u.tlog
c:\users\administrator\patchmeasurements\qtwidgetsapplication2\x64\debug\qtwidget.18548e86.tlog\rcc.write.1u.tlog
c:\users\administrator\patchmeasurements\qtwidgetsapplication2\x64\debug\qtwidget.18548e86.tlog\uic.read.1u.tlog
c:\users\administrator\patchmeasurements\qtwidgetsapplication2\x64\debug\qtwidget.18548e86.tlog\uic.write.1u.tlog
