c:\users\administrator\patchmeasurements\qtwidgetsapplication1\x64\release\mainwindow.obj
c:\users\administrator\patchmeasurements\qtwidgetsapplication1\x64\release\qtwidgetsapplication1.obj
c:\users\administrator\patchmeasurements\qtwidgetsapplication1\x64\release\main.obj
c:\users\administrator\patchmeasurements\qtwidgetsapplication1\x64\release\moc_mainwindow.obj
c:\users\administrator\patchmeasurements\qtwidgetsapplication1\x64\release\moc_qtwidgetsapplication1.obj
c:\users\administrator\patchmeasurements\qtwidgetsapplication1\x64\release\qrc_qtwidgetsapplication1.obj
c:\users\administrator\patchmeasurements\qtwidgetsapplication1\x64\release\moc\moc_qtwidgetsapplication1.cpp
c:\users\administrator\patchmeasurements\qtwidgetsapplication1\x64\release\moc\moc_mainwindow.cpp
c:\users\administrator\patchmeasurements\qtwidgetsapplication1\x64\release\uic\ui_qtwidgetsapplication1.h
c:\users\administrator\patchmeasurements\qtwidgetsapplication1\x64\release\rcc\qrc_qtwidgetsapplication1.cpp
c:\users\administrator\patchmeasurements\qtwidgetsapplication1\x64\release\qtwidget.53d11e5c.tlog\cl.command.1.tlog
c:\users\administrator\patchmeasurements\qtwidgetsapplication1\x64\release\qtwidget.53d11e5c.tlog\cl.read.1.tlog
c:\users\administrator\patchmeasurements\qtwidgetsapplication1\x64\release\qtwidget.53d11e5c.tlog\cl.write.1.tlog
c:\users\administrator\patchmeasurements\qtwidgetsapplication1\x64\release\qtwidget.53d11e5c.tlog\link-cvtres.read.1.tlog
c:\users\administrator\patchmeasurements\qtwidgetsapplication1\x64\release\qtwidget.53d11e5c.tlog\link-cvtres.write.1.tlog
c:\users\administrator\patchmeasurements\qtwidgetsapplication1\x64\release\qtwidget.53d11e5c.tlog\link-rc.read.1.tlog
c:\users\administrator\patchmeasurements\qtwidgetsapplication1\x64\release\qtwidget.53d11e5c.tlog\link-rc.write.1.tlog
c:\users\administrator\patchmeasurements\qtwidgetsapplication1\x64\release\qtwidget.53d11e5c.tlog\link.command.1.tlog
c:\users\administrator\patchmeasurements\qtwidgetsapplication1\x64\release\qtwidget.53d11e5c.tlog\link.read.1.tlog
c:\users\administrator\patchmeasurements\qtwidgetsapplication1\x64\release\qtwidget.53d11e5c.tlog\link.write.1.tlog
c:\users\administrator\patchmeasurements\qtwidgetsapplication1\x64\release\qtwidget.53d11e5c.tlog\moc.read.1u.tlog
c:\users\administrator\patchmeasurements\qtwidgetsapplication1\x64\release\qtwidget.53d11e5c.tlog\moc.write.1u.tlog
c:\users\administrator\patchmeasurements\qtwidgetsapplication1\x64\release\qtwidget.53d11e5c.tlog\qtwidgetsapplication1.write.1u.tlog
c:\users\administrator\patchmeasurements\qtwidgetsapplication1\x64\release\qtwidget.53d11e5c.tlog\rcc.read.1u.tlog
c:\users\administrator\patchmeasurements\qtwidgetsapplication1\x64\release\qtwidget.53d11e5c.tlog\rcc.write.1u.tlog
c:\users\administrator\patchmeasurements\qtwidgetsapplication1\x64\release\qtwidget.53d11e5c.tlog\uic.read.1u.tlog
c:\users\administrator\patchmeasurements\qtwidgetsapplication1\x64\release\qtwidget.53d11e5c.tlog\uic.write.1u.tlog
